2022-11-11 21:56:41 Starting EmployeeApplication using Java 17.0.1 on LAPTOP-4JRUGV0G with PID 13148 (D:\Eclipse IDE program\mrprk-implement-service\target\classes started by ATIM in D:\Eclipse IDE program\mrprk-implement-service)
2022-11-11 21:56:41 No active profile set, falling back to 1 default profile: "default"
2022-11-11 21:56:42 Bootstrapping Spring Data JPA repositories in DEFAULT mode.
2022-11-11 21:56:42 Finished Spring Data repository scanning in 37 ms. Found 1 JPA repository interfaces.
2022-11-11 21:56:42 Tomcat initialized with port(s): 8081 (http)
2022-11-11 21:56:42 Loaded Apache Tomcat Native library [1.2.31] using APR version [1.7.0].
2022-11-11 21:56:42 APR capabilities: IPv6 [true], sendfile [true], accept filters [false], random [true], UDS [true].
2022-11-11 21:56:42 APR/OpenSSL configuration: useAprConnector [false], useOpenSSL [true]
2022-11-11 21:56:42 OpenSSL successfully initialized [OpenSSL 1.1.1l  24 Aug 2021]
2022-11-11 21:56:42 Starting service [Tomcat]
2022-11-11 21:56:42 Starting Servlet engine: [Apache Tomcat/9.0.65]
2022-11-11 21:56:42 Initializing Spring embedded WebApplicationContext
2022-11-11 21:56:42 Root WebApplicationContext: initialization completed in 925 ms
2022-11-11 21:56:43 HikariPool-1 - Starting...
2022-11-11 21:56:43 HikariPool-1 - Start completed.
2022-11-11 21:56:43 Initialized JPA EntityManagerFactory for persistence unit 'default'
2022-11-11 21:56:44 spring.jpa.open-in-view is enabled by default. Therefore, database queries may be performed during view rendering. Explicitly configure spring.jpa.open-in-view to disable this warning
2022-11-11 21:56:44 Tomcat started on port(s): 8081 (http) with context path ''
2022-11-11 21:56:44 Started EmployeeApplication in 2.825 seconds (JVM running for 3.392)
2022-11-11 21:57:14 Application shutdown requested.
2022-11-11 21:57:14 Stopping service [Tomcat]
2022-11-11 21:57:14 Closing JPA EntityManagerFactory for persistence unit 'default'
2022-11-11 21:57:14 HikariPool-1 - Shutdown initiated...
2022-11-11 21:57:14 HikariPool-1 - Shutdown completed.
2022-11-11 21:57:18 Starting EmployeeApplication using Java 17.0.1 on LAPTOP-4JRUGV0G with PID 13324 (D:\Eclipse IDE program\mrprk-implement-service\target\classes started by ATIM in D:\Eclipse IDE program\mrprk-implement-service)
2022-11-11 21:57:18 No active profile set, falling back to 1 default profile: "default"
2022-11-11 21:57:18 Bootstrapping Spring Data JPA repositories in DEFAULT mode.
2022-11-11 21:57:18 Finished Spring Data repository scanning in 26 ms. Found 1 JPA repository interfaces.
2022-11-11 21:57:18 Tomcat initialized with port(s): 8081 (http)
2022-11-11 21:57:18 Loaded Apache Tomcat Native library [1.2.31] using APR version [1.7.0].
2022-11-11 21:57:18 APR capabilities: IPv6 [true], sendfile [true], accept filters [false], random [true], UDS [true].
2022-11-11 21:57:18 APR/OpenSSL configuration: useAprConnector [false], useOpenSSL [true]
2022-11-11 21:57:18 OpenSSL successfully initialized [OpenSSL 1.1.1l  24 Aug 2021]
2022-11-11 21:57:18 Starting service [Tomcat]
2022-11-11 21:57:18 Starting Servlet engine: [Apache Tomcat/9.0.65]
2022-11-11 21:57:18 Initializing Spring embedded WebApplicationContext
2022-11-11 21:57:18 Root WebApplicationContext: initialization completed in 822 ms
2022-11-11 21:57:19 HikariPool-1 - Starting...
2022-11-11 21:57:19 HikariPool-1 - Start completed.
2022-11-11 21:57:19 Initialized JPA EntityManagerFactory for persistence unit 'default'
2022-11-11 21:57:19 spring.jpa.open-in-view is enabled by default. Therefore, database queries may be performed during view rendering. Explicitly configure spring.jpa.open-in-view to disable this warning
2022-11-11 21:57:20 Tomcat started on port(s): 8081 (http) with context path ''
2022-11-11 21:57:20 Started EmployeeApplication in 2.491 seconds (JVM running for 3.028)
2022-11-11 21:57:36 Application shutdown requested.
2022-11-11 21:57:36 Stopping service [Tomcat]
2022-11-11 21:57:36 Closing JPA EntityManagerFactory for persistence unit 'default'
2022-11-11 21:57:36 HikariPool-1 - Shutdown initiated...
2022-11-11 21:57:36 HikariPool-1 - Shutdown completed.
